<?xml version="1.0" encoding="UTF-8"?>
<testng-results skipped="0" failed="0" ignored="0" total="2" passed="2">
  <reporter-output>
  </reporter-output>
  <suite name="Default suite" duration-ms="3683" started-at="2019-09-03T03:19:10Z" finished-at="2019-09-03T03:19:14Z">
    <groups>
    </groups>
    <test name="Default test" duration-ms="3683" started-at="2019-09-03T03:19:10Z" finished-at="2019-09-03T03:19:14Z">
      <class name="com.restassured.testcases.TC_01_UserDetails">
        <test-method status="PASS" signature="addUser()[pri:0, instance:com.restassured.testcases.TC_01_UserDetails@4501b7af]" name="addUser" duration-ms="3116" started-at="2019-09-03T03:19:10Z" finished-at="2019-09-03T03:19:13Z">
          <reporter-output>
          </reporter-output>
        </test-method> <!-- addUser -->
        <test-method status="PASS" signature="getSingleUser()[pri:0, instance:com.restassured.testcases.TC_01_UserDetails@4501b7af]" name="getSingleUser" duration-ms="536" started-at="2019-09-03T03:19:13Z" finished-at="2019-09-03T03:19:14Z">
          <reporter-output>
          </reporter-output>
        </test-method> <!-- getSingleUser -->
      </class> <!-- com.restassured.testcases.TC_01_UserDetails -->
    </test> <!-- Default test -->
  </suite> <!-- Default suite -->
</testng-results>
